<?xml version="1.0" encoding="UTF-8"?>
<testsuite xmlns:xsi="http://www.w3.org/2001/XMLSchema-instance" xsi:noNamespaceSchemaLocation="https://maven.apache.org/surefire/maven-surefire-plugin/xsd/surefire-test-report.xsd" name="CalculatorTest" time="0.038" tests="2" errors="0" skipped="0" failures="0">
  <properties>
    <property name="sun.desktop" value="windows"/>
    <property name="awt.toolkit" value="sun.awt.windows.WToolkit"/>
    <property name="java.specification.version" value="11"/>
    <property name="sun.cpu.isalist" value="amd64"/>
    <property name="sun.jnu.encoding" value="Cp1251"/>
    <property name="java.class.path" value="C:\Users\Pavlo_Pankratov\IdeaProjects\TestJenkins\target\test-classes;C:\Users\Pavlo_Pankratov\IdeaProjects\TestJenkins\target\classes;C:\Users\Pavlo_Pankratov\.m2\repository\junit\junit\4.12\junit-4.12.jar;C:\Users\Pavlo_Pankratov\.m2\repository\org\hamcrest\hamcrest-core\1.3\hamcrest-core-1.3.jar;"/>
    <property name="java.vm.vendor" value="JetBrains s.r.o"/>
    <property name="sun.arch.data.model" value="64"/>
    <property name="user.variant" value=""/>
    <property name="java.vendor.url" value="https://www.jetbrains.com/"/>
    <property name="user.timezone" value="Europe/Helsinki"/>
    <property name="java.vm.specification.version" value="11"/>
    <property name="os.name" value="Windows 10"/>
    <property name="sun.java.launcher" value="SUN_STANDARD"/>
    <property name="user.country" value="US"/>
    <property name="sun.boot.library.path" value="C:\Program Files\JetBrains\IntelliJ IDEA Community Edition 2019.2.3\jbr\bin"/>
    <property name="sun.java.command" value="C:\Users\PAVLO_~1\AppData\Local\Temp\surefire11480854526021895711\surefirebooter14222019943057679712.jar C:\Users\Pavlo_Pankratov\AppData\Local\Temp\surefire11480854526021895711 2019-11-04T13-52-55_029-jvmRun1 surefire3438117885539891311tmp surefire_01337423755998903601tmp"/>
    <property name="jdk.debug" value="release"/>
    <property name="surefire.test.class.path" value="C:\Users\Pavlo_Pankratov\IdeaProjects\TestJenkins\target\test-classes;C:\Users\Pavlo_Pankratov\IdeaProjects\TestJenkins\target\classes;C:\Users\Pavlo_Pankratov\.m2\repository\junit\junit\4.12\junit-4.12.jar;C:\Users\Pavlo_Pankratov\.m2\repository\org\hamcrest\hamcrest-core\1.3\hamcrest-core-1.3.jar;"/>
    <property name="sun.cpu.endian" value="little"/>
    <property name="user.home" value="C:\Users\Pavlo_Pankratov"/>
    <property name="user.language" value="en"/>
    <property name="java.specification.vendor" value="Oracle Corporation"/>
    <property name="java.version.date" value="2019-07-16"/>
    <property name="java.home" value="C:\Program Files\JetBrains\IntelliJ IDEA Community Edition 2019.2.3\jbr"/>
    <property name="file.separator" value="\"/>
    <property name="basedir" value="C:\Users\Pavlo_Pankratov\IdeaProjects\TestJenkins"/>
    <property name="java.vm.compressedOopsMode" value="Zero based"/>
    <property name="line.separator" value="&#10;"/>
    <property name="idea.version2019.2.3" value="true"/>
    <property name="java.specification.name" value="Java Platform API Specification"/>
    <property name="java.vm.specification.vendor" value="Oracle Corporation"/>
    <property name="java.awt.graphicsenv" value="sun.awt.Win32GraphicsEnvironment"/>
    <property name="surefire.real.class.path" value="C:\Users\PAVLO_~1\AppData\Local\Temp\surefire11480854526021895711\surefirebooter14222019943057679712.jar"/>
    <property name="user.script" value=""/>
    <property name="sun.management.compiler" value="HotSpot 64-Bit Tiered Compilers"/>
    <property name="java.runtime.version" value="11.0.4+10-b304.69"/>
    <property name="user.name" value="Pavlo_Pankratov"/>
    <property name="path.separator" value=";"/>
    <property name="os.version" value="10.0"/>
    <property name="java.runtime.name" value="OpenJDK Runtime Environment"/>
    <property name="file.encoding" value="Cp1251"/>
    <property name="java.vm.name" value="OpenJDK 64-Bit Server VM"/>
    <property name="localRepository" value="C:\Users\Pavlo_Pankratov\.m2\repository"/>
    <property name="java.vendor.url.bug" value="https://youtrack.jetbrains.com"/>
    <property name="java.io.tmpdir" value="C:\Users\PAVLO_~1\AppData\Local\Temp\"/>
    <property name="java.version" value="11.0.4"/>
    <property name="user.dir" value="C:\Users\Pavlo_Pankratov\IdeaProjects\TestJenkins"/>
    <property name="os.arch" value="amd64"/>
    <property name="java.vm.specification.name" value="Java Virtual Machine Specification"/>
    <property name="java.awt.printerjob" value="sun.awt.windows.WPrinterJob"/>
    <property name="sun.os.patch.level" value=""/>
    <property name="java.library.path" value="C:\Program Files\JetBrains\IntelliJ IDEA Community Edition 2019.2.3\jbr\bin;C:\WINDOWS\Sun\Java\bin;C:\WINDOWS\system32;C:\WINDOWS;C:\Program Files\Mozilla Firefox;C:\WINDOWS\system32;C:\WINDOWS;C:\WINDOWS\System32\Wbem;C:\WINDOWS\System32\WindowsPowerShell\v1.0\;C:\WINDOWS\System32\OpenSSH\;C:\Users\Pavlo_Pankratov\AppData\Local\Microsoft\WindowsApps;;."/>
    <property name="java.vendor" value="JetBrains s.r.o"/>
    <property name="java.vm.info" value="mixed mode, sharing"/>
    <property name="java.vm.version" value="11.0.4+10-b304.69"/>
    <property name="sun.io.unicode.encoding" value="UnicodeLittle"/>
    <property name="java.class.version" value="55.0"/>
  </properties>
  <testcase name="square" classname="CalculatorTest" time="0"/>
  <testcase name="add" classname="CalculatorTest" time="0"/>
</testsuite>